[themewagon.github.io/darkpan/index.html]
[backblue.gif]
[fade.gif]
[index.html]
[themewagon.github.io/darkpan/img/favicon.ico]
[cdnjs.cloudflare.com/ajax/libs/font-awesome/5.10.0/css/all.min.css]
[cdn.jsdelivr.net/npm/bootstrap-icons@1.4.1/font/bootstrap-icons.css]
[themewagon.github.io/darkpan/lib/owlcarousel/assets/owl.carousel.min.css]
[themewagon.github.io/darkpan/lib/tempusdominus/css/tempusdominus-bootstrap-4.min.css]
[themewagon.github.io/darkpan/css/bootstrap.min.css]
[themewagon.github.io/darkpan/css/style.css]
[themewagon.github.io/darkpan/index-2.html]
[themewagon.github.io/darkpan/img/user.jpg]
[themewagon.github.io/darkpan/button.html]
[themewagon.github.io/darkpan/typography.html]
[themewagon.github.io/darkpan/element.html]
[themewagon.github.io/darkpan/widget.html]
[themewagon.github.io/darkpan/form.html]
[themewagon.github.io/darkpan/table.html]
[themewagon.github.io/darkpan/chart.html]
[themewagon.github.io/darkpan/signin.html]
[themewagon.github.io/darkpan/signup.html]
[themewagon.github.io/darkpan/404.html]
[themewagon.github.io/darkpan/blank.html]
[cdn.jsdelivr.net/npm/bootstrap@5.0.0/dist/js/bootstrap.bundle.min.js]
[code.jquery.com/jquery-3.4.1.min.js]
[themewagon.github.io/darkpan/lib/chart/chart.min.js]
[themewagon.github.io/darkpan/lib/easing/easing.min.js]
[themewagon.github.io/darkpan/lib/waypoints/waypoints.min.js]
[themewagon.github.io/darkpan/lib/owlcarousel/owl.carousel.min.js]
[themewagon.github.io/darkpan/lib/tempusdominus/js/moment.min.js]
[themewagon.github.io/darkpan/lib/tempusdominus/js/moment-timezone.min.js]
[themewagon.github.io/darkpan/lib/tempusdominus/js/tempusdominus-bootstrap-4.min.js]
[themewagon.github.io/darkpan/js/main.js]
[themewagon.github.io/darkpan/index.html]
[themewagon.github.io/darkpan/img/favicon.html]
[cdnjs.cloudflare.com/ajax/libs/font-awesome/5.10.0/css/all.min.css]
[cdn.jsdelivr.net/npm/bootstrap-icons@1.4.1/font/fonts/bootstrap-iconsfb95.woff2]
[cdn.jsdelivr.net/npm/bootstrap-icons@1.4.1/font/fonts/bootstrap-iconsfb95.woff]
[cdn.jsdelivr.net/npm/bootstrap-icons@1.4.1/font/bootstrap-icons.css]
[themewagon.github.io/darkpan/lib/owlcarousel/assets/owl.video.play.png]
[themewagon.github.io/darkpan/lib/owlcarousel/assets/owl.carousel.min.css]
[themewagon.github.io/darkpan/lib/tempusdominus/css/tempusdominus-bootstrap-4.min.css]
[themewagon.github.io/darkpan/css/bootstrap.min.css]
[themewagon.github.io/darkpan/css/style.css]
[themewagon.github.io/darkpan/index-2.html]
[themewagon.github.io/darkpan/button.html]
[themewagon.github.io/darkpan/typography.html]
[themewagon.github.io/darkpan/element.html]
[themewagon.github.io/darkpan/img/testimonial-1.jpg]
[themewagon.github.io/darkpan/img/testimonial-2.jpg]
[themewagon.github.io/darkpan/widget.html]
[themewagon.github.io/darkpan/form.html]
[themewagon.github.io/darkpan/table.html]
[themewagon.github.io/darkpan/chart.html]
[themewagon.github.io/darkpan/signin.html]
[themewagon.github.io/darkpan/signup.html]
[themewagon.github.io/darkpan/404.html]
[themewagon.github.io/darkpan/blank.html]
